<?xml version="1.0" encoding="UTF-8"?>
<!-- Generated by org.testng.reporters.JUnitReportReporter -->
<testsuite skipped="0" hostname="Abes-MacBook-Pro.local" name="DemoBlazeTest" tests="1" failures="0" timestamp="2023-05-27T14:11:02 CDT" time="8.696" errors="0">
  <testcase name="AllRequirements" time="8.696" classname="DemoBlazeTest"/>
  <system-out/>
</testsuite> <!-- DemoBlazeTest -->
