<?xml version="1.0" encoding="UTF-8"?>
<!-- Generated by org.testng.reporters.JUnitReportReporter -->
<testsuite skipped="0" hostname="mlopez-pro" name="DemoBlazeTest" tests="3" failures="0" timestamp="2023-05-31T18:50:38 CST" time="1.496" errors="0">
  <testcase name="seleccionarProducto" time="0.049" classname="DemoBlazeTest"/>
  <system-out/>
  <testcase name="seleccionarAddToCart" time="0.552" classname="DemoBlazeTest"/>
  <system-out/>
  <testcase name="seleccionarCartLink" time="0.895" classname="DemoBlazeTest"/>
  <system-out/>
</testsuite> <!-- DemoBlazeTest -->
