<?xml version="1.0" encoding="UTF-8"?>
<!-- Generated by org.testng.reporters.JUnitReportReporter -->
<testsuite skipped="0" hostname="mlopez-pro" name="DemoQATest" tests="3" failures="0" timestamp="2023-05-20T12:04:14 CST" time="5.620" errors="0">
  <testcase name="practica2" time="0.190" classname="DemoQATest"/>
  <system-out/>
  <testcase name="practica_2" time="0.060" classname="DemoQATest"/>
  <system-out/>
  <testcase name="practica6ActionsTest" time="5.370" classname="DemoQATest"/>
  <system-out/>
</testsuite> <!-- DemoQATest -->
