<?xml version="1.0" encoding="UTF-8"?>
<!-- Generated by org.testng.reporters.JUnitReportReporter -->
<testsuite skipped="0" hostname="mbp-de-samantha" name="SR12120Test" tests="1" failures="0" timestamp="2023-05-31T22:33:04 CDT" time="3.539" errors="0">
  <testcase name="validarInformacionDeProducto" time="3.539" classname="SR12120Test"/>
  <system-out/>
</testsuite> <!-- SR12120Test -->
