<?xml version="1.0" encoding="UTF-8"?>
<!-- Generated by org.testng.reporters.JUnitReportReporter -->
<testsuite skipped="0" hostname="mbp-de-samantha" name="SR12121Test" tests="1" failures="0" timestamp="2023-05-31T22:33:04 CDT" time="3.833" errors="0">
  <testcase name="validarAlerta" time="3.833" classname="SR12121Test"/>
  <system-out/>
</testsuite> <!-- SR12121Test -->
