<?xml version="1.0" encoding="UTF-8"?>
<!-- Generated by org.testng.reporters.JUnitReportReporter -->
<testsuite skipped="0" hostname="mbp-de-samantha" name="SR12130Test" tests="1" failures="0" timestamp="2023-05-31T22:33:04 CDT" time="4.948" errors="0">
  <testcase name="validarCartUnProducto" time="4.948" classname="SR12130Test"/>
  <system-out/>
</testsuite> <!-- SR12130Test -->
