<?xml version="1.0" encoding="UTF-8"?>
<!-- Generated by org.testng.reporters.JUnitReportReporter -->
<testsuite skipped="0" hostname="Inetum-1443" name="DemoProyectoTest" tests="3" failures="0" timestamp="2023-05-29T21:23:59 CDT" time="19.700" errors="0">
  <testcase name="productoCatologoDetalle" time="3.138" classname="DemoProyectoTest"/>
  <system-out/>
  <testcase name="mensajeAgregarProducto" time="5.122" classname="DemoProyectoTest"/>
  <system-out/>
  <testcase name="verListaCompras" time="11.440" classname="DemoProyectoTest"/>
  <system-out/>
</testsuite> <!-- DemoProyectoTest -->
