<?xml version="1.0" encoding="UTF-8"?>
<!-- Generated by org.testng.reporters.JUnitReportReporter -->
<testsuite skipped="0" hostname="Memo" name="ProyectoFinalTest" tests="1" failures="0" timestamp="2023-05-28T19:31:49 CST" time="7.471" errors="0">
  <testcase name="cartFlowTest" time="7.471" classname="ProyectoFinalTest"/>
  <system-out/>
</testsuite> <!-- ProyectoFinalTest -->
